<?xml version="1.0" encoding="UTF-8"?>
<!-- Generated by org.testng.reporters.JUnitReportReporter -->
<testsuite hostname="FPHOL266" name="test.Mutiple" tests="2" failures="0" timestamp="3 May 2017 10:17:01 GMT" time="2.011" errors="0">
  <testcase name="run" time="0.692" classname="test.Mutiple"/>
  <testcase name="run" time="1.319" classname="test.Mutiple"/>
</testsuite> <!-- test.Mutiple -->
